<?xml version="1.0" encoding="utf-8"?><testsuites><testsuite name="pytest" errors="0" failures="0" skipped="2" tests="13" time="2.287" timestamp="2025-10-09T19:52:38.343992" hostname="DESKTOP-LLALLBR"><testcase classname="tests.unit_tests.test_chat_models.TestChatSarvamUnit" name="test_no_overrides_DO_NOT_OVERRIDE" time="0.009" /><testcase classname="tests.unit_tests.test_chat_models.TestChatSarvamUnit" name="test_init" time="0.014" /><testcase classname="tests.unit_tests.test_chat_models.TestChatSarvamUnit" name="test_init_from_env" time="0.005"><skipped type="pytest.skip" message="init_from_env_params not specified.">D:\langchain\venv\Lib\site-packages\langchain_tests\unit_tests\chat_models.py:949: init_from_env_params not specified.</skipped></testcase><testcase classname="tests.unit_tests.test_chat_models.TestChatSarvamUnit" name="test_init_streaming" time="0.005" /><testcase classname="tests.unit_tests.test_chat_models.TestChatSarvamUnit" name="test_bind_tool_pydantic" time="0.020" /><testcase classname="tests.unit_tests.test_chat_models.TestChatSarvamUnit" name="test_with_structured_output[PersonA]" time="0.004" /><testcase classname="tests.unit_tests.test_chat_models.TestChatSarvamUnit" name="test_with_structured_output[PersonB]" time="0.004" /><testcase classname="tests.unit_tests.test_chat_models.TestChatSarvamUnit" name="test_standard_params" time="0.009" /><testcase classname="tests.unit_tests.test_chat_models.TestChatSarvamUnit" name="test_serdes" time="0.013"><skipped type="pytest.skip" message="Model is not serializable.">D:\langchain\venv\Lib\site-packages\langchain_tests\unit_tests\chat_models.py:1109: Model is not serializable.</skipped></testcase><testcase classname="tests.unit_tests.test_chat_models.TestChatSarvamUnit" name="test_init_time" time="1.627" /><testcase classname="tests.unit_tests.test_chat_models" name="test_initialization" time="0.004" /><testcase classname="tests.unit_tests.test_chat_models" name="test_sarvam_model_param" time="0.004" /><testcase classname="tests.unit_tests.test_chat_models" name="test_sarvam_model_kwargs" time="0.007" /></testsuite></testsuites>